
> ytlc-styler@0.0.1 build
> vite build

[36mvite v7.3.1 [32mbuilding ssr environment for production...[36m[39m
transforming...
[32m[39m 334 modules transformed.
rendering chunks...
[36mvite v7.3.1 [32mbuilding client environment for production...[36m[39m
transforming...
[32m[39m 304 modules transformed.
rendering chunks...
computing gzip size...
[2m.svelte-kit/output/client/[22m[32m_app/version.json                                                                      [39m[1m[2m    0.03 kB[22m[1m[22m[2m  gzip:   0.05 kB[22m
[2m.svelte-kit/output/client/[22m[32m_app/immutable/assets/google-sans-flex-tifinagh-opsz-normal.Cgsyg1kc.woff2             [39m[1m[2m    4.40 kB[22m[1m[22m
[2m.svelte-kit/output/client/[22m[32m_app/immutable/assets/google-sans-flex-canadian-aboriginal-opsz-normal.Bq5jV54I.woff2  [39m[1m[2m    4.42 kB[22m[1m[22m
[2m.svelte-kit/output/client/[22m[32m.vite/manifest.json                                                                    [39m[1m[2m    9.02 kB[22m[1m[22m[2m  gzip:   1.26 kB[22m
[2m.svelte-kit/output/client/[22m[32m_app/immutable/assets/google-sans-flex-syriac-opsz-normal.DlJ6WNyX.woff2               [39m[1m[2m    9.70 kB[22m[1m[22m
[2m.svelte-kit/output/client/[22m[32m_app/immutable/assets/google-sans-flex-vietnamese-opsz-normal.BrwKabzC.woff2           [39m[1m[2m   23.52 kB[22m[1m[22m
[2m.svelte-kit/output/client/[22m[32m_app/immutable/assets/google-sans-flex-latin-ext-opsz-normal.CSR93DpO.woff2            [39m[1m[2m   56.46 kB[22m[1m[22m
[2m.svelte-kit/output/client/[22m[32m_app/immutable/assets/google-sans-flex-symbols-opsz-normal.aNHXW2ls.woff2              [39m[1m[2m   57.00 kB[22m[1m[22m
[2m.svelte-kit/output/client/[22m[32m_app/immutable/assets/google-sans-flex-nushu-opsz-normal.BEUjCwBc.woff2                [39m[1m[2m   57.07 kB[22m[1m[22m
[2m.svelte-kit/output/client/[22m[32m_app/immutable/assets/google-sans-flex-math-opsz-normal.DMSIeBTn.woff2                 [39m[1m[2m   91.21 kB[22m[1m[22m
[2m.svelte-kit/output/client/[22m[32m_app/immutable/assets/google-sans-flex-latin-opsz-normal.Cp-nS3cb.woff2                [39m[1m[2m  119.35 kB[22m[1m[22m
[2m.svelte-kit/output/client/[22m[35m_app/immutable/assets/4.CGDjzf3d.css                                                   [39m[1m[2m    0.13 kB[22m[1m[22m[2m  gzip:   0.12 kB[22m
[2m.svelte-kit/output/client/[22m[35m_app/immutable/assets/2.BJA8ExTZ.css                                                   [39m[1m[2m    0.45 kB[22m[1m[22m[2m  gzip:   0.27 kB[22m
[2m.svelte-kit/output/client/[22m[35m_app/immutable/assets/3.DZVW9YsW.css                                                   [39m[1m[2m   14.72 kB[22m[1m[22m[2m  gzip:   2.75 kB[22m
[2m.svelte-kit/output/client/[22m[35m_app/immutable/assets/0.BJ2HwRom.css                                                   [39m[1m[2m   16.00 kB[22m[1m[22m[2m  gzip:   7.36 kB[22m
[2m.svelte-kit/output/client/[22m[36m_app/immutable/entry/start.CrCEvZLF.js                                                 [39m[1m[2m    0.08 kB[22m[1m[22m[2m  gzip:   0.09 kB[22m
[2m.svelte-kit/output/client/[22m[36m_app/immutable/chunks/vHrjiL6P.js                                                      [39m[1m[2m    0.19 kB[22m[1m[22m[2m  gzip:   0.17 kB[22m
[2m.svelte-kit/output/client/[22m[36m_app/immutable/chunks/BPURbkeV.js                                                      [39m[1m[2m    0.32 kB[22m[1m[22m[2m  gzip:   0.25 kB[22m
[2m.svelte-kit/output/client/[22m[36m_app/immutable/nodes/2.AN9lBsVS.js                                                     [39m[1m[2m    0.43 kB[22m[1m[22m[2m  gzip:   0.29 kB[22m
[2m.svelte-kit/output/client/[22m[36m_app/immutable/chunks/BnUj8bd_.js                                                      [39m[1m[2m    0.44 kB[22m[1m[22m[2m  gzip:   0.29 kB[22m
[2m.svelte-kit/output/client/[22m[36m_app/immutable/chunks/CjzXVRvP.js                                                      [39m[1m[2m    0.52 kB[22m[1m[22m[2m  gzip:   0.33 kB[22m
[2m.svelte-kit/output/client/[22m[36m_app/immutable/nodes/1.DyCGZxkI.js                                                     [39m[1m[2m    0.56 kB[22m[1m[22m[2m  gzip:   0.35 kB[22m
[2m.svelte-kit/output/client/[22m[36m_app/immutable/nodes/4.Dttkhk7_.js                                                     [39m[1m[2m    1.28 kB[22m[1m[22m[2m  gzip:   0.69 kB[22m
[2m.svelte-kit/output/client/[22m[36m_app/immutable/chunks/DzBuQ9N2.js                                                      [39m[1m[2m    1.49 kB[22m[1m[22m[2m  gzip:   0.66 kB[22m
[2m.svelte-kit/output/client/[22m[36m_app/immutable/chunks/DclNCT6s.js                                                      [39m[1m[2m    1.61 kB[22m[1m[22m[2m  gzip:   0.68 kB[22m
[2m.svelte-kit/output/client/[22m[36m_app/immutable/chunks/BByAjIZW.js                                                      [39m[1m[2m    1.66 kB[22m[1m[22m[2m  gzip:   0.87 kB[22m
[2m.svelte-kit/output/client/[22m[36m_app/immutable/chunks/DPJR_OTc.js                                                      [39m[1m[2m    2.12 kB[22m[1m[22m[2m  gzip:   1.12 kB[22m
[2m.svelte-kit/output/client/[22m[36m_app/immutable/nodes/0.QFHy6Rfp.js                                                     [39m[1m[2m    2.83 kB[22m[1m[22m[2m  gzip:   1.24 kB[22m
[2m.svelte-kit/output/client/[22m[36m_app/immutable/chunks/DOE-DD1y.js                                                      [39m[1m[2m    2.99 kB[22m[1m[22m[2m  gzip:   1.58 kB[22m
[2m.svelte-kit/output/client/[22m[36m_app/immutable/entry/app.BF02A6mi.js                                                   [39m[1m[2m    4.99 kB[22m[1m[22m[2m  gzip:   2.23 kB[22m
[2m.svelte-kit/output/client/[22m[36m_app/immutable/chunks/DfmEmQ-E.js                                                      [39m[1m[2m    5.04 kB[22m[1m[22m[2m  gzip:   2.29 kB[22m
[2m.svelte-kit/output/client/[22m[36m_app/immutable/chunks/BmRczUvw.js                                                      [39m[1m[2m    7.03 kB[22m[1m[22m[2m  gzip:   3.26 kB[22m
[2m.svelte-kit/output/client/[22m[36m_app/immutable/chunks/CS12PYqd.js                                                      [39m[1m[2m   23.85 kB[22m[1m[22m[2m  gzip:   9.43 kB[22m
[2m.svelte-kit/output/client/[22m[36m_app/immutable/nodes/3.LL8qOKi7.js                                                     [39m[1m[2m   29.76 kB[22m[1m[22m[2m  gzip:  11.16 kB[22m
[2m.svelte-kit/output/client/[22m[36m_app/immutable/chunks/Ol-MHlRl.js                                                      [39m[1m[2m   31.78 kB[22m[1m[22m[2m  gzip:  12.35 kB[22m
[2m.svelte-kit/output/client/[22m[36m_app/immutable/chunks/H4iBQipC.js                                                      [39m[1m[33m1,503.49 kB[39m[22m[2m  gzip: 362.14 kB[22m

(!) Some chunks are larger than 500 kB after minification. Consider:
- Using dynamic import() to code-split the application
- Use build.rollupOptions.output.manualChunks to improve chunking: https://rollupjs.org/configuration-options/#output-manualchunks
- Adjust chunk size limit for this warning via build.chunkSizeWarningLimit.
[32m built in 1.92s[39m
[2m.svelte-kit/output/server/[22m[32m_app/immutable/assets/google-sans-flex-tifinagh-opsz-normal.Cgsyg1kc.woff2             [39m[1m[2m  4.40 kB[22m[1m[22m
[2m.svelte-kit/output/server/[22m[32m_app/immutable/assets/google-sans-flex-canadian-aboriginal-opsz-normal.Bq5jV54I.woff2  [39m[1m[2m  4.42 kB[22m[1m[22m
[2m.svelte-kit/output/server/[22m[32m_app/immutable/assets/google-sans-flex-syriac-opsz-normal.DlJ6WNyX.woff2               [39m[1m[2m  9.70 kB[22m[1m[22m
[2m.svelte-kit/output/server/[22m[32m.vite/manifest.json                                                                    [39m[1m[2m 11.29 kB[22m[1m[22m
[2m.svelte-kit/output/server/[22m[32m_app/immutable/assets/google-sans-flex-vietnamese-opsz-normal.BrwKabzC.woff2           [39m[1m[2m 23.52 kB[22m[1m[22m
[2m.svelte-kit/output/server/[22m[32m_app/immutable/assets/google-sans-flex-latin-ext-opsz-normal.CSR93DpO.woff2            [39m[1m[2m 56.46 kB[22m[1m[22m
[2m.svelte-kit/output/server/[22m[32m_app/immutable/assets/google-sans-flex-symbols-opsz-normal.aNHXW2ls.woff2              [39m[1m[2m 57.00 kB[22m[1m[22m
[2m.svelte-kit/output/server/[22m[32m_app/immutable/assets/google-sans-flex-nushu-opsz-normal.BEUjCwBc.woff2                [39m[1m[2m 57.07 kB[22m[1m[22m
[2m.svelte-kit/output/server/[22m[32m_app/immutable/assets/google-sans-flex-math-opsz-normal.DMSIeBTn.woff2                 [39m[1m[2m 91.21 kB[22m[1m[22m
[2m.svelte-kit/output/server/[22m[32m_app/immutable/assets/google-sans-flex-latin-opsz-normal.Cp-nS3cb.woff2                [39m[1m[2m119.35 kB[22m[1m[22m
[2m.svelte-kit/output/server/[22m[35m_app/immutable/assets/_page.CGDjzf3d.css                                               [39m[1m[2m  0.13 kB[22m[1m[22m
[2m.svelte-kit/output/server/[22m[35m_app/immutable/assets/_page.BJA8ExTZ.css                                               [39m[1m[2m  0.45 kB[22m[1m[22m
[2m.svelte-kit/output/server/[22m[35m_app/immutable/assets/_page.CVx9n_ee.css                                               [39m[1m[2m 13.30 kB[22m[1m[22m
[2m.svelte-kit/output/server/[22m[35m_app/immutable/assets/_layout.DbwFDNpF.css                                             [39m[1m[2m 16.19 kB[22m[1m[22m
[2m.svelte-kit/output/server/[22m[36mchunks/false.js                                                                        [39m[1m[2m  0.05 kB[22m[1m[22m
[2m.svelte-kit/output/server/[22m[36mentries/pages/overlay/_id_/_page.server.ts.js                                          [39m[1m[2m  0.32 kB[22m[1m[22m
[2m.svelte-kit/output/server/[22m[36mentries/endpoints/api/overlays/_id_/_server.ts.js                                      [39m[1m[2m  0.34 kB[22m[1m[22m
[2m.svelte-kit/output/server/[22m[36minternal.js                                                                            [39m[1m[2m  0.35 kB[22m[1m[22m
[2m.svelte-kit/output/server/[22m[36mentries/endpoints/api/chat/stop/_server.ts.js                                          [39m[1m[2m  0.36 kB[22m[1m[22m
[2m.svelte-kit/output/server/[22m[36mentries/pages/_page.svelte.js                                                          [39m[1m[2m  0.41 kB[22m[1m[22m
[2m.svelte-kit/output/server/[22m[36mentries/endpoints/api/preview/_id_/_server.ts.js                                       [39m[1m[2m  0.42 kB[22m[1m[22m
[2m.svelte-kit/output/server/[22m[36mentries/endpoints/api/overlays/_id_/html/_server.ts.js                                 [39m[1m[2m  0.47 kB[22m[1m[22m
[2m.svelte-kit/output/server/[22m[36mentries/pages/overlay/_id_/_page.svelte.js                                             [39m[1m[2m  0.48 kB[22m[1m[22m
[2m.svelte-kit/output/server/[22m[36mentries/endpoints/api/chat/dummy/_server.ts.js                                         [39m[1m[2m  0.51 kB[22m[1m[22m
[2m.svelte-kit/output/server/[22m[36mchunks/environment.js                                                                  [39m[1m[2m  0.62 kB[22m[1m[22m
[2m.svelte-kit/output/server/[22m[36mchunks/preview-store.js                                                                [39m[1m[2m  0.65 kB[22m[1m[22m
[2m.svelte-kit/output/server/[22m[36mentries/endpoints/api/compile/_server.ts.js                                            [39m[1m[2m  0.70 kB[22m[1m[22m
[2m.svelte-kit/output/server/[22m[36mentries/endpoints/api/chat/start/_server.ts.js                                         [39m[1m[2m  0.81 kB[22m[1m[22m
[2m.svelte-kit/output/server/[22m[36mentries/endpoints/api/format/_server.ts.js                                             [39m[1m[2m  0.89 kB[22m[1m[22m
[2m.svelte-kit/output/server/[22m[36mentries/endpoints/api/preview/_server.ts.js                                            [39m[1m[2m  0.93 kB[22m[1m[22m
[2m.svelte-kit/output/server/[22m[36mentries/endpoints/api/chat/events/_server.ts.js                                        [39m[1m[2m  1.06 kB[22m[1m[22m
[2m.svelte-kit/output/server/[22m[36mentries/endpoints/api/overlays/_server.ts.js                                           [39m[1m[2m  1.12 kB[22m[1m[22m
[2m.svelte-kit/output/server/[22m[36mchunks/utils.js                                                                        [39m[1m[2m  1.15 kB[22m[1m[22m
[2m.svelte-kit/output/server/[22m[36mentries/fallbacks/error.svelte.js                                                      [39m[1m[2m  1.42 kB[22m[1m[22m
[2m.svelte-kit/output/server/[22m[36mchunks/overlay-repository.js                                                           [39m[1m[2m  1.65 kB[22m[1m[22m
[2m.svelte-kit/output/server/[22m[36mchunks/chat-bridge.js                                                                  [39m[1m[2m  2.48 kB[22m[1m[22m
[2m.svelte-kit/output/server/[22m[36mentries/pages/_layout.svelte.js                                                        [39m[1m[2m  2.53 kB[22m[1m[22m
[2m.svelte-kit/output/server/[22m[36mchunks/chat-manager.js                                                                 [39m[1m[2m  2.61 kB[22m[1m[22m
[2m.svelte-kit/output/server/[22m[36mchunks/compile.js                                                                      [39m[1m[2m  2.78 kB[22m[1m[22m
[2m.svelte-kit/output/server/[22m[36mchunks/internal.js                                                                     [39m[1m[2m  3.20 kB[22m[1m[22m
[2m.svelte-kit/output/server/[22m[36mchunks/attributes.js                                                                   [39m[1m[2m  5.98 kB[22m[1m[22m
[2m.svelte-kit/output/server/[22m[36mchunks/exports.js                                                                      [39m[1m[2m  7.02 kB[22m[1m[22m
[2m.svelte-kit/output/server/[22m[36mremote-entry.js                                                                        [39m[1m[2m 19.03 kB[22m[1m[22m
[2m.svelte-kit/output/server/[22m[36mentries/pages/editor/_page.svelte.js                                                   [39m[1m[2m 26.93 kB[22m[1m[22m
[2m.svelte-kit/output/server/[22m[36mchunks/shared.js                                                                       [39m[1m[2m 27.07 kB[22m[1m[22m
[2m.svelte-kit/output/server/[22m[36mchunks/index.js                                                                        [39m[1m[2m 32.70 kB[22m[1m[22m
[2m.svelte-kit/output/server/[22m[36mchunks/root.js                                                                         [39m[1m[2m 79.07 kB[22m[1m[22m
[2m.svelte-kit/output/server/[22m[36mindex.js                                                                               [39m[1m[2m125.75 kB[22m[1m[22m
[32m built in 5.98s[39m

Run npm run preview to preview your production build locally.

> Using @sveltejs/adapter-auto
  Could not detect a supported production environment. See https://svelte.dev/docs/kit/adapters to learn how to configure your app to run on the platform of your choosing
   done
